\BOOKMARK [0][-]{chapter.1}{Overview}{}% 1
\BOOKMARK [1][-]{section.1.1}{Supporting Material}{chapter.1}% 2
\BOOKMARK [1][-]{section.1.2}{Some remarks about the datasets used}{chapter.1}% 3
\BOOKMARK [0][-]{chapter.2}{Statistical Test}{}% 4
\BOOKMARK [1][-]{section.2.1}{Statistical Test Used}{chapter.2}% 5
\BOOKMARK [1][-]{section.2.2}{Justify the Statistical Test}{chapter.2}% 6
\BOOKMARK [1][-]{section.2.3}{Interpretation and discussion}{chapter.2}% 7
\BOOKMARK [0][-]{chapter.3}{Linear Regression}{}% 8
\BOOKMARK [1][-]{section.3.1}{Linear regression algorithm\(s\)}{chapter.3}% 9
\BOOKMARK [1][-]{section.3.2}{Models and features used}{chapter.3}% 10
\BOOKMARK [1][-]{section.3.3}{Results: coefficients and R Squared}{chapter.3}% 11
\BOOKMARK [1][-]{section.3.4}{Interpretation and limits}{chapter.3}% 12
\BOOKMARK [0][-]{chapter.4}{Visualization}{}% 13
\BOOKMARK [1][-]{section.4.1}{Ridership distribution with weather}{chapter.4}% 14
\BOOKMARK [1][-]{section.4.2}{Supporting visualizations}{chapter.4}% 15
\BOOKMARK [0][-]{chapter.5}{Conclusions and Reflections}{}% 16
\BOOKMARK [1][-]{section.5.1}{Conclusions}{chapter.5}% 17
\BOOKMARK [1][-]{section.5.2}{Shortcomings and limitations}{chapter.5}% 18
\BOOKMARK [1][-]{section.5.3}{Insights}{chapter.5}% 19
\BOOKMARK [0][-]{chapter*.8}{Bibliography}{}% 20
